<?xml version="1.0" encoding="UTF-8"?>
<testsuite xmlns:xsi="http://www.w3.org/2001/XMLSchema-instance" xsi:noNamespaceSchemaLocation="https://maven.apache.org/surefire/maven-surefire-plugin/xsd/surefire-test-report-3.0.xsd" version="3.0" name="edu.jhu.algos.io.OutputFormatterTest" time="0.055" tests="3" errors="0" skipped="0" failures="0">
  <properties>
    <property name="java.specification.version" value="17"/>
    <property name="sun.jnu.encoding" value="UTF-8"/>
    <property name="java.class.path" value="/home/secondbook5/JHU_Bioinformatics/AlgorithmsBioinformatics/kmerHashing/target/test-classes:/home/secondbook5/JHU_Bioinformatics/AlgorithmsBioinformatics/kmerHashing/target/classes:/home/secondbook5/.m2/repository/junit/junit/4.13.2/junit-4.13.2.jar:/home/secondbook5/.m2/repository/org/hamcrest/hamcrest-core/1.3/hamcrest-core-1.3.jar:/home/secondbook5/.m2/repository/org/junit/jupiter/junit-jupiter/5.8.2/junit-jupiter-5.8.2.jar:/home/secondbook5/.m2/repository/org/junit/jupiter/junit-jupiter-api/5.8.2/junit-jupiter-api-5.8.2.jar:/home/secondbook5/.m2/repository/org/opentest4j/opentest4j/1.2.0/opentest4j-1.2.0.jar:/home/secondbook5/.m2/repository/org/junit/platform/junit-platform-commons/1.8.2/junit-platform-commons-1.8.2.jar:/home/secondbook5/.m2/repository/org/apiguardian/apiguardian-api/1.1.2/apiguardian-api-1.1.2.jar:/home/secondbook5/.m2/repository/org/junit/jupiter/junit-jupiter-params/5.8.2/junit-jupiter-params-5.8.2.jar:/home/secondbook5/.m2/repository/org/junit/jupiter/junit-jupiter-engine/5.8.2/junit-jupiter-engine-5.8.2.jar:/home/secondbook5/.m2/repository/org/junit/platform/junit-platform-engine/1.8.2/junit-platform-engine-1.8.2.jar:/home/secondbook5/.m2/repository/org/jfree/jfreechart/1.5.3/jfreechart-1.5.3.jar:"/>
    <property name="java.vm.vendor" value="Ubuntu"/>
    <property name="sun.arch.data.model" value="64"/>
    <property name="java.vendor.url" value="https://ubuntu.com/"/>
    <property name="os.name" value="Linux"/>
    <property name="java.vm.specification.version" value="17"/>
    <property name="sun.java.launcher" value="SUN_STANDARD"/>
    <property name="sun.boot.library.path" value="/usr/lib/jvm/java-17-openjdk-amd64/lib"/>
    <property name="sun.java.command" value="/home/secondbook5/JHU_Bioinformatics/AlgorithmsBioinformatics/kmerHashing/target/surefire/surefirebooter-20250402004758582_3.jar /home/secondbook5/JHU_Bioinformatics/AlgorithmsBioinformatics/kmerHashing/target/surefire 2025-04-02T00-47-58_311-jvmRun1 surefire-20250402004758582_1tmp surefire_0-20250402004758582_2tmp"/>
    <property name="jdk.debug" value="release"/>
    <property name="surefire.test.class.path" value="/home/secondbook5/JHU_Bioinformatics/AlgorithmsBioinformatics/kmerHashing/target/test-classes:/home/secondbook5/JHU_Bioinformatics/AlgorithmsBioinformatics/kmerHashing/target/classes:/home/secondbook5/.m2/repository/junit/junit/4.13.2/junit-4.13.2.jar:/home/secondbook5/.m2/repository/org/hamcrest/hamcrest-core/1.3/hamcrest-core-1.3.jar:/home/secondbook5/.m2/repository/org/junit/jupiter/junit-jupiter/5.8.2/junit-jupiter-5.8.2.jar:/home/secondbook5/.m2/repository/org/junit/jupiter/junit-jupiter-api/5.8.2/junit-jupiter-api-5.8.2.jar:/home/secondbook5/.m2/repository/org/opentest4j/opentest4j/1.2.0/opentest4j-1.2.0.jar:/home/secondbook5/.m2/repository/org/junit/platform/junit-platform-commons/1.8.2/junit-platform-commons-1.8.2.jar:/home/secondbook5/.m2/repository/org/apiguardian/apiguardian-api/1.1.2/apiguardian-api-1.1.2.jar:/home/secondbook5/.m2/repository/org/junit/jupiter/junit-jupiter-params/5.8.2/junit-jupiter-params-5.8.2.jar:/home/secondbook5/.m2/repository/org/junit/jupiter/junit-jupiter-engine/5.8.2/junit-jupiter-engine-5.8.2.jar:/home/secondbook5/.m2/repository/org/junit/platform/junit-platform-engine/1.8.2/junit-platform-engine-1.8.2.jar:/home/secondbook5/.m2/repository/org/jfree/jfreechart/1.5.3/jfreechart-1.5.3.jar:"/>
    <property name="sun.cpu.endian" value="little"/>
    <property name="user.home" value="/home/secondbook5"/>
    <property name="user.language" value="en"/>
    <property name="java.specification.vendor" value="Oracle Corporation"/>
    <property name="java.version.date" value="2025-01-21"/>
    <property name="java.home" value="/usr/lib/jvm/java-17-openjdk-amd64"/>
    <property name="file.separator" value="/"/>
    <property name="basedir" value="/home/secondbook5/JHU_Bioinformatics/AlgorithmsBioinformatics/kmerHashing"/>
    <property name="java.vm.compressedOopsMode" value="Zero based"/>
    <property name="line.separator" value="&#10;"/>
    <property name="java.vm.specification.vendor" value="Oracle Corporation"/>
    <property name="java.specification.name" value="Java Platform API Specification"/>
    <property name="surefire.real.class.path" value="/home/secondbook5/JHU_Bioinformatics/AlgorithmsBioinformatics/kmerHashing/target/surefire/surefirebooter-20250402004758582_3.jar"/>
    <property name="sun.management.compiler" value="HotSpot 64-Bit Tiered Compilers"/>
    <property name="java.runtime.version" value="17.0.14+7-Ubuntu-122.04.1"/>
    <property name="user.name" value="secondbook5"/>
    <property name="path.separator" value=":"/>
    <property name="os.version" value="5.15.167.4-microsoft-standard-WSL2"/>
    <property name="java.runtime.name" value="OpenJDK Runtime Environment"/>
    <property name="file.encoding" value="UTF-8"/>
    <property name="java.vm.name" value="OpenJDK 64-Bit Server VM"/>
    <property name="localRepository" value="/home/secondbook5/.m2/repository"/>
    <property name="java.vendor.url.bug" value="https://bugs.launchpad.net/ubuntu/+source/openjdk-17"/>
    <property name="java.io.tmpdir" value="/tmp"/>
    <property name="java.version" value="17.0.14"/>
    <property name="user.dir" value="/home/secondbook5/JHU_Bioinformatics/AlgorithmsBioinformatics/kmerHashing"/>
    <property name="os.arch" value="amd64"/>
    <property name="java.vm.specification.name" value="Java Virtual Machine Specification"/>
    <property name="native.encoding" value="UTF-8"/>
    <property name="java.library.path" value="/usr/java/packages/lib:/usr/lib/x86_64-linux-gnu/jni:/lib/x86_64-linux-gnu:/usr/lib/x86_64-linux-gnu:/usr/lib/jni:/lib:/usr/lib"/>
    <property name="java.vm.info" value="mixed mode, sharing"/>
    <property name="java.vendor" value="Ubuntu"/>
    <property name="java.vm.version" value="17.0.14+7-Ubuntu-122.04.1"/>
    <property name="java.specification.maintenance.version" value="1"/>
    <property name="sun.io.unicode.encoding" value="UnicodeLittle"/>
    <property name="java.class.version" value="61.0"/>
  </properties>
  <testcase name="testProbingOutput" classname="edu.jhu.algos.io.OutputFormatterTest" time="0.02">
    <system-out><![CDATA[original input:
5, 25, 45

scheme 1 (division) - modulo: 10, bucket size: 1, linear
# of primary collisions: 2, secondary collisions: 1, total collisions: 3
# of comparisons: 6, records inserted: 3, load factor: 0.300000

None    None    None    None    None    
5       25      45      None    None    

Execution Time: 0.000e+0 seconds
Memory Usage: 0.000e+00 bytes
Debug Output (Probing):
original input:
5, 25, 45

scheme 1 (division) - modulo: 10, bucket size: 1, linear
# of primary collisions: 2, secondary collisions: 1, total collisions: 3
# of comparisons: 6, records inserted: 3, load factor: 0.300000

None    None    None    None    None    
5       25      45      None    None    

Execution Time: 0.000e+0 seconds
Memory Usage: 0.000e+00 bytes

]]></system-out>
    <system-err><![CDATA[Warning: getElapsedTime() called before stopTimer(). Returning 0.
]]></system-err>
  </testcase>
  <testcase name="testNullInputHandling" classname="edu.jhu.algos.io.OutputFormatterTest" time="0.005">
    <system-err><![CDATA[Error: Null input passed to OutputFormatter.
  - table: null
  - keys: null
  - outputFile: ok
]]></system-err>
  </testcase>
  <testcase name="testChainingOutput" classname="edu.jhu.algos.io.OutputFormatterTest" time="0.013">
    <system-out><![CDATA[original input:
3, 13, 23

scheme 3 (division) - modulo: 10, bucket size: 1, chaining
# of collisions: 2
# of comparisons: 3, records inserted: 3, load factor: 0.300000

None                None                None                23 -> 13 -> 3 -> NoneNone                
None                None                None                None                None                

Execution Time: 0.000e+0 seconds
Memory Usage: 0.000e+00 bytes
Debug Output (Chaining):
original input:
3, 13, 23

scheme 3 (division) - modulo: 10, bucket size: 1, chaining
# of collisions: 2
# of comparisons: 3, records inserted: 3, load factor: 0.300000

None                None                None                23 -> 13 -> 3 -> NoneNone                
None                None                None                None                None                

Execution Time: 0.000e+0 seconds
Memory Usage: 0.000e+00 bytes

]]></system-out>
    <system-err><![CDATA[Warning: getElapsedTime() called before stopTimer(). Returning 0.
]]></system-err>
  </testcase>
</testsuite>