<?xml version="1.0" encoding="UTF-8"?>
<testsuite xmlns:xsi="http://www.w3.org/2001/XMLSchema-instance" xsi:noNamespaceSchemaLocation="https://maven.apache.org/surefire/maven-surefire-plugin/xsd/surefire-test-report-3.0.xsd" version="3.0" name="edu.jhu.algos.HashingDriverTest" time="2.08" tests="10" errors="0" skipped="0" failures="0">
  <properties>
    <property name="java.specification.version" value="17"/>
    <property name="sun.jnu.encoding" value="UTF-8"/>
    <property name="java.class.path" value="/home/secondbook5/JHU_Bioinformatics/AlgorithmsBioinformatics/kmerHashing/target/test-classes:/home/secondbook5/JHU_Bioinformatics/AlgorithmsBioinformatics/kmerHashing/target/classes:/home/secondbook5/.m2/repository/junit/junit/4.13.2/junit-4.13.2.jar:/home/secondbook5/.m2/repository/org/hamcrest/hamcrest-core/1.3/hamcrest-core-1.3.jar:/home/secondbook5/.m2/repository/org/junit/jupiter/junit-jupiter/5.8.2/junit-jupiter-5.8.2.jar:/home/secondbook5/.m2/repository/org/junit/jupiter/junit-jupiter-api/5.8.2/junit-jupiter-api-5.8.2.jar:/home/secondbook5/.m2/repository/org/opentest4j/opentest4j/1.2.0/opentest4j-1.2.0.jar:/home/secondbook5/.m2/repository/org/junit/platform/junit-platform-commons/1.8.2/junit-platform-commons-1.8.2.jar:/home/secondbook5/.m2/repository/org/apiguardian/apiguardian-api/1.1.2/apiguardian-api-1.1.2.jar:/home/secondbook5/.m2/repository/org/junit/jupiter/junit-jupiter-params/5.8.2/junit-jupiter-params-5.8.2.jar:/home/secondbook5/.m2/repository/org/junit/jupiter/junit-jupiter-engine/5.8.2/junit-jupiter-engine-5.8.2.jar:/home/secondbook5/.m2/repository/org/junit/platform/junit-platform-engine/1.8.2/junit-platform-engine-1.8.2.jar:/home/secondbook5/.m2/repository/org/jfree/jfreechart/1.5.3/jfreechart-1.5.3.jar:"/>
    <property name="sun.awt.enableExtraMouseButtons" value="true"/>
    <property name="java.vm.vendor" value="Ubuntu"/>
    <property name="sun.arch.data.model" value="64"/>
    <property name="sun.font.fontmanager" value="sun.awt.X11FontManager"/>
    <property name="java.vendor.url" value="https://ubuntu.com/"/>
    <property name="os.name" value="Linux"/>
    <property name="java.vm.specification.version" value="17"/>
    <property name="sun.java.launcher" value="SUN_STANDARD"/>
    <property name="sun.boot.library.path" value="/usr/lib/jvm/java-17-openjdk-amd64/lib"/>
    <property name="sun.java.command" value="/home/secondbook5/JHU_Bioinformatics/AlgorithmsBioinformatics/kmerHashing/target/surefire/surefirebooter-20250402004758582_3.jar /home/secondbook5/JHU_Bioinformatics/AlgorithmsBioinformatics/kmerHashing/target/surefire 2025-04-02T00-47-58_311-jvmRun1 surefire-20250402004758582_1tmp surefire_0-20250402004758582_2tmp"/>
    <property name="jdk.debug" value="release"/>
    <property name="surefire.test.class.path" value="/home/secondbook5/JHU_Bioinformatics/AlgorithmsBioinformatics/kmerHashing/target/test-classes:/home/secondbook5/JHU_Bioinformatics/AlgorithmsBioinformatics/kmerHashing/target/classes:/home/secondbook5/.m2/repository/junit/junit/4.13.2/junit-4.13.2.jar:/home/secondbook5/.m2/repository/org/hamcrest/hamcrest-core/1.3/hamcrest-core-1.3.jar:/home/secondbook5/.m2/repository/org/junit/jupiter/junit-jupiter/5.8.2/junit-jupiter-5.8.2.jar:/home/secondbook5/.m2/repository/org/junit/jupiter/junit-jupiter-api/5.8.2/junit-jupiter-api-5.8.2.jar:/home/secondbook5/.m2/repository/org/opentest4j/opentest4j/1.2.0/opentest4j-1.2.0.jar:/home/secondbook5/.m2/repository/org/junit/platform/junit-platform-commons/1.8.2/junit-platform-commons-1.8.2.jar:/home/secondbook5/.m2/repository/org/apiguardian/apiguardian-api/1.1.2/apiguardian-api-1.1.2.jar:/home/secondbook5/.m2/repository/org/junit/jupiter/junit-jupiter-params/5.8.2/junit-jupiter-params-5.8.2.jar:/home/secondbook5/.m2/repository/org/junit/jupiter/junit-jupiter-engine/5.8.2/junit-jupiter-engine-5.8.2.jar:/home/secondbook5/.m2/repository/org/junit/platform/junit-platform-engine/1.8.2/junit-platform-engine-1.8.2.jar:/home/secondbook5/.m2/repository/org/jfree/jfreechart/1.5.3/jfreechart-1.5.3.jar:"/>
    <property name="sun.cpu.endian" value="little"/>
    <property name="user.home" value="/home/secondbook5"/>
    <property name="user.language" value="en"/>
    <property name="java.specification.vendor" value="Oracle Corporation"/>
    <property name="java.version.date" value="2025-01-21"/>
    <property name="java.home" value="/usr/lib/jvm/java-17-openjdk-amd64"/>
    <property name="file.separator" value="/"/>
    <property name="basedir" value="/home/secondbook5/JHU_Bioinformatics/AlgorithmsBioinformatics/kmerHashing"/>
    <property name="java.vm.compressedOopsMode" value="Zero based"/>
    <property name="line.separator" value="&#10;"/>
    <property name="java.vm.specification.vendor" value="Oracle Corporation"/>
    <property name="java.specification.name" value="Java Platform API Specification"/>
    <property name="surefire.real.class.path" value="/home/secondbook5/JHU_Bioinformatics/AlgorithmsBioinformatics/kmerHashing/target/surefire/surefirebooter-20250402004758582_3.jar"/>
    <property name="sun.management.compiler" value="HotSpot 64-Bit Tiered Compilers"/>
    <property name="java.runtime.version" value="17.0.14+7-Ubuntu-122.04.1"/>
    <property name="user.name" value="secondbook5"/>
    <property name="path.separator" value=":"/>
    <property name="os.version" value="5.15.167.4-microsoft-standard-WSL2"/>
    <property name="java.runtime.name" value="OpenJDK Runtime Environment"/>
    <property name="file.encoding" value="UTF-8"/>
    <property name="java.vm.name" value="OpenJDK 64-Bit Server VM"/>
    <property name="localRepository" value="/home/secondbook5/.m2/repository"/>
    <property name="java.vendor.url.bug" value="https://bugs.launchpad.net/ubuntu/+source/openjdk-17"/>
    <property name="java.io.tmpdir" value="/tmp"/>
    <property name="java.version" value="17.0.14"/>
    <property name="user.dir" value="/home/secondbook5/JHU_Bioinformatics/AlgorithmsBioinformatics/kmerHashing"/>
    <property name="os.arch" value="amd64"/>
    <property name="java.vm.specification.name" value="Java Virtual Machine Specification"/>
    <property name="native.encoding" value="UTF-8"/>
    <property name="java.library.path" value="/usr/java/packages/lib:/usr/lib/x86_64-linux-gnu/jni:/lib/x86_64-linux-gnu:/usr/lib/x86_64-linux-gnu:/usr/lib/jni:/lib:/usr/lib"/>
    <property name="java.vm.info" value="mixed mode, sharing"/>
    <property name="java.vendor" value="Ubuntu"/>
    <property name="java.vm.version" value="17.0.14+7-Ubuntu-122.04.1"/>
    <property name="java.specification.maintenance.version" value="1"/>
    <property name="sun.io.unicode.encoding" value="UnicodeLittle"/>
    <property name="java.class.version" value="61.0"/>
  </properties>
  <testcase name="testEmptyInputList" classname="edu.jhu.algos.HashingDriverTest" time="0.011">
    <system-err><![CDATA[Error: Input key list is empty or null.
]]></system-err>
  </testcase>
  <testcase name="testInvalidSchemeNumberTooHigh" classname="edu.jhu.algos.HashingDriverTest" time="0.01">
    <system-err><![CDATA[Error: Invalid scheme number â†’ 15
]]></system-err>
  </testcase>
  <testcase name="testCustomSchemes_12to14" classname="edu.jhu.algos.HashingDriverTest" time="0.054">
    <system-out><![CDATA[original input:
5, 18, 23, 42, 57, 
67, 99

scheme 12 (custom) - modulo: N/A, bucket size: 1, linear
# of primary collisions: 2, secondary collisions: 0, total collisions: 2
# of comparisons: 9, records inserted: 7, load factor: 0.058333

99      None    None    None    None    
None    None    None    None    None    
None    None    None    None    None    
None    None    5       None    None    
None    None    None    None    None    
None    None    None    None    None    
None    None    None    None    18      
42      None    None    None    None    
None    None    None    None    None    
None    None    None    None    None    
None    23      None    None    None    
None    None    None    None    None    
None    None    None    None    None    
None    None    None    None    None    
None    None    None    None    None    
None    None    None    None    None    
None    None    None    None    None    
57      None    None    None    None    
None    None    None    None    None    
None    None    None    None    None    
None    None    None    None    None    
None    None    None    None    None    
None    None    None    None    None    
None    None    None    None    67      

Execution Time: 2.122e-04 seconds
Memory Usage: 0.000e+00 bytes
original input:
5, 18, 23, 42, 57, 
67, 99

scheme 13 (custom) - modulo: N/A, bucket size: 1, quadratic
# of primary collisions: 2, secondary collisions: 0, total collisions: 2
# of comparisons: 9, records inserted: 7, load factor: 0.058333

99      None    None    None    None    
None    None    None    None    None    
None    None    None    None    None    
None    None    5       None    None    
None    None    None    None    None    
None    None    None    None    None    
None    None    None    None    18      
42      None    None    None    None    
None    None    None    None    None    
None    None    None    None    None    
None    23      None    None    None    
None    None    None    None    None    
None    None    None    None    None    
None    None    None    None    None    
None    None    None    None    None    
None    None    None    None    None    
None    None    None    None    None    
57      None    None    None    None    
None    None    None    None    None    
None    None    None    None    None    
None    None    None    None    None    
None    None    None    None    None    
None    None    None    None    None    
None    None    None    None    67      

Execution Time: 4.881e-05 seconds
Memory Usage: 0.000e+00 bytes
original input:
5, 18, 23, 42, 57, 
67, 99

scheme 14 (custom) - modulo: N/A, bucket size: 1, chaining
# of collisions: 2
# of comparisons: 2, records inserted: 7, load factor: 0.058333

None                None                None                None                None                
None                None                None                None                None                
None                None                None                None                None                
None                None                5 -> None           None                None                
None                None                None                None                None                
None                None                None                None                None                
None                None                None                None                42 -> 18 -> None    
None                None                None                None                None                
None                None                None                None                None                
None                None                None                None                None                
None                23 -> None          None                None                None                
None                None                None                None                None                
None                None                None                None                None                
None                None                None                None                None                
None                None                None                None                None                
None                None                None                None                None                
None                None                None                None                None                
57 -> None          None                None                None                None                
None                None                None                None                None                
None                None                None                None                None                
None                None                None                None                None                
None                None                None                None                None                
None                None                None                None                None                
None                None                None                None                99 -> 67 -> None    

Execution Time: 3.235e-05 seconds
Memory Usage: 0.000e+00 bytes
]]></system-out>
  </testcase>
  <testcase name="testInvalidSchemeNumberTooLow" classname="edu.jhu.algos.HashingDriverTest" time="0.002">
    <system-err><![CDATA[Error: Invalid scheme number â†’ 0
]]></system-err>
  </testcase>
  <testcase name="testValidSchemes_1to11" classname="edu.jhu.algos.HashingDriverTest" time="0.108">
    <system-out><![CDATA[original input:
5, 18, 23, 42, 57, 
67, 99

scheme 1 (division) - modulo: 120, bucket size: 1, linear
# of primary collisions: 0, secondary collisions: 0, total collisions: 0
# of comparisons: 7, records inserted: 7, load factor: 0.058333

None    None    None    None    None    
5       None    None    None    None    
None    None    None    None    None    
None    None    None    18      None    
None    None    None    23      None    
None    None    None    None    None    
None    None    None    None    None    
None    None    None    None    None    
None    None    42      None    None    
None    None    None    None    None    
None    None    None    None    None    
None    None    57      None    None    
None    None    None    None    None    
None    None    67      None    None    
None    None    None    None    None    
None    None    None    None    None    
None    None    None    None    None    
None    None    None    None    None    
None    None    None    None    None    
None    None    None    None    99      
None    None    None    None    None    
None    None    None    None    None    
None    None    None    None    None    
None    None    None    None    None    

Execution Time: 2.536e-05 seconds
Memory Usage: 0.000e+00 bytes
original input:
5, 18, 23, 42, 57, 
67, 99

scheme 2 (division) - modulo: 120, bucket size: 1, quadratic
# of primary collisions: 0, secondary collisions: 0, total collisions: 0
# of comparisons: 7, records inserted: 7, load factor: 0.058333

None    None    None    None    None    
5       None    None    None    None    
None    None    None    None    None    
None    None    None    18      None    
None    None    None    23      None    
None    None    None    None    None    
None    None    None    None    None    
None    None    None    None    None    
None    None    42      None    None    
None    None    None    None    None    
None    None    None    None    None    
None    None    57      None    None    
None    None    None    None    None    
None    None    67      None    None    
None    None    None    None    None    
None    None    None    None    None    
None    None    None    None    None    
None    None    None    None    None    
None    None    None    None    None    
None    None    None    None    99      
None    None    None    None    None    
None    None    None    None    None    
None    None    None    None    None    
None    None    None    None    None    

Execution Time: 4.416e-05 seconds
Memory Usage: 0.000e+00 bytes
original input:
5, 18, 23, 42, 57, 
67, 99

scheme 3 (division) - modulo: 120, bucket size: 1, chaining
# of collisions: 0
# of comparisons: 0, records inserted: 7, load factor: 0.058333

None                None                None                None                None                
5 -> None           None                None                None                None                
None                None                None                None                None                
None                None                None                18 -> None          None                
None                None                None                23 -> None          None                
None                None                None                None                None                
None                None                None                None                None                
None                None                None                None                None                
None                None                42 -> None          None                None                
None                None                None                None                None                
None                None                None                None                None                
None                None                57 -> None          None                None                
None                None                None                None                None                
None                None                67 -> None          None                None                
None                None                None                None                None                
None                None                None                None                None                
None                None                None                None                None                
None                None                None                None                None                
None                None                None                None                None                
None                None                None                None                99 -> None          
None                None                None                None                None                
None                None                None                None                None                
None                None                None                None                None                
None                None                None                None                None                

Execution Time: 5.217e-05 seconds
Memory Usage: 0.000e+00 bytes
original input:
5, 18, 23, 42, 57, 
67, 99

scheme 4 (division) - modulo: 127, bucket size: 1, linear
# of primary collisions: 0, secondary collisions: 0, total collisions: 0
# of comparisons: 7, records inserted: 7, load factor: 0.058333

None    None    None    None    None    
5       None    None    None    None    
None    None    None    None    None    
None    None    None    18      None    
None    None    None    23      None    
None    None    None    None    None    
None    None    None    None    None    
None    None    None    None    None    
None    None    42      None    None    
None    None    None    None    None    
None    None    None    None    None    
None    None    57      None    None    
None    None    None    None    None    
None    None    67      None    None    
None    None    None    None    None    
None    None    None    None    None    
None    None    None    None    None    
None    None    None    None    None    
None    None    None    None    None    
None    None    None    None    99      
None    None    None    None    None    
None    None    None    None    None    
None    None    None    None    None    
None    None    None    None    None    

Execution Time: 3.199e-05 seconds
Memory Usage: 0.000e+00 bytes
original input:
5, 18, 23, 42, 57, 
67, 99

scheme 5 (division) - modulo: 127, bucket size: 1, quadratic
# of primary collisions: 0, secondary collisions: 0, total collisions: 0
# of comparisons: 7, records inserted: 7, load factor: 0.058333

None    None    None    None    None    
5       None    None    None    None    
None    None    None    None    None    
None    None    None    18      None    
None    None    None    23      None    
None    None    None    None    None    
None    None    None    None    None    
None    None    None    None    None    
None    None    42      None    None    
None    None    None    None    None    
None    None    None    None    None    
None    None    57      None    None    
None    None    None    None    None    
None    None    67      None    None    
None    None    None    None    None    
None    None    None    None    None    
None    None    None    None    None    
None    None    None    None    None    
None    None    None    None    None    
None    None    None    None    99      
None    None    None    None    None    
None    None    None    None    None    
None    None    None    None    None    
None    None    None    None    None    

Execution Time: 4.620e-05 seconds
Memory Usage: 0.000e+00 bytes
original input:
5, 18, 23, 42, 57, 
67, 99

scheme 6 (division) - modulo: 127, bucket size: 1, chaining
# of collisions: 0
# of comparisons: 0, records inserted: 7, load factor: 0.058333

None                None                None                None                None                
5 -> None           None                None                None                None                
None                None                None                None                None                
None                None                None                18 -> None          None                
None                None                None                23 -> None          None                
None                None                None                None                None                
None                None                None                None                None                
None                None                None                None                None                
None                None                42 -> None          None                None                
None                None                None                None                None                
None                None                None                None                None                
None                None                57 -> None          None                None                
None                None                None                None                None                
None                None                67 -> None          None                None                
None                None                None                None                None                
None                None                None                None                None                
None                None                None                None                None                
None                None                None                None                None                
None                None                None                None                None                
None                None                None                None                99 -> None          
None                None                None                None                None                
None                None                None                None                None                
None                None                None                None                None                
None                None                None                None                None                

Execution Time: 2.669e-05 seconds
Memory Usage: 0.000e+00 bytes
original input:
5, 18, 23, 42, 57, 
67, 99

scheme 7 (division) - modulo: 113, bucket size: 1, linear
# of primary collisions: 0, secondary collisions: 0, total collisions: 0
# of comparisons: 7, records inserted: 7, load factor: 0.058333

None    None    None    None    None    
5       None    None    None    None    
None    None    None    None    None    
None    None    None    18      None    
None    None    None    23      None    
None    None    None    None    None    
None    None    None    None    None    
None    None    None    None    None    
None    None    42      None    None    
None    None    None    None    None    
None    None    None    None    None    
None    None    57      None    None    
None    None    None    None    None    
None    None    67      None    None    
None    None    None    None    None    
None    None    None    None    None    
None    None    None    None    None    
None    None    None    None    None    
None    None    None    None    None    
None    None    None    None    99      
None    None    None    None    None    
None    None    None    None    None    
None    None    None    None    None    
None    None    None    None    None    

Execution Time: 2.866e-05 seconds
Memory Usage: 0.000e+00 bytes
original input:
5, 18, 23, 42, 57, 
67, 99

scheme 8 (division) - modulo: 113, bucket size: 1, quadratic
# of primary collisions: 0, secondary collisions: 0, total collisions: 0
# of comparisons: 7, records inserted: 7, load factor: 0.058333

None    None    None    None    None    
5       None    None    None    None    
None    None    None    None    None    
None    None    None    18      None    
None    None    None    23      None    
None    None    None    None    None    
None    None    None    None    None    
None    None    None    None    None    
None    None    42      None    None    
None    None    None    None    None    
None    None    None    None    None    
None    None    57      None    None    
None    None    None    None    None    
None    None    67      None    None    
None    None    None    None    None    
None    None    None    None    None    
None    None    None    None    None    
None    None    None    None    None    
None    None    None    None    None    
None    None    None    None    99      
None    None    None    None    None    
None    None    None    None    None    
None    None    None    None    None    
None    None    None    None    None    

Execution Time: 5.027e-05 seconds
Memory Usage: 0.000e+00 bytes
original input:
5, 18, 23, 42, 57, 
67, 99

scheme 9 (division) - modulo: 113, bucket size: 1, chaining
# of collisions: 0
# of comparisons: 0, records inserted: 7, load factor: 0.058333

None                None                None                None                None                
5 -> None           None                None                None                None                
None                None                None                None                None                
None                None                None                18 -> None          None                
None                None                None                23 -> None          None                
None                None                None                None                None                
None                None                None                None                None                
None                None                None                None                None                
None                None                42 -> None          None                None                
None                None                None                None                None                
None                None                None                None                None                
None                None                57 -> None          None                None                
None                None                None                None                None                
None                None                67 -> None          None                None                
None                None                None                None                None                
None                None                None                None                None                
None                None                None                None                None                
None                None                None                None                None                
None                None                None                None                None                
None                None                None                None                99 -> None          
None                None                None                None                None                
None                None                None                None                None                
None                None                None                None                None                
None                None                None                None                None                

Execution Time: 5.112e-05 seconds
Memory Usage: 0.000e+00 bytes
original input:
5, 18, 23, 42, 57, 
67, 99

scheme 10 (division) - modulo: 41, bucket size: 3, linear
# of primary collisions: 0, secondary collisions: 0, total collisions: 0
# of comparisons: 7, records inserted: 7, load factor: 0.058333

None    42      None    
None    None    5       
None    None    None    
None    None    None    
None    None    None    
None    57      99      
18      None    None    
None    None    23      
None    None    67      
None    None    None    
None    None    None    
None    None    None    
None    None    None    
None    None    None    
None    None    None    
None    None    None    
None    None    None    
None    None    None    
None    None    None    
None    None    None    
None    None    None    
None    None    None    
None    None    None    
None    None    None    
None    None    None    
None    None    None    
None    None    None    
None    None    None    
None    None    None    
None    None    None    
None    None    None    
None    None    None    
None    None    None    
None    None    None    
None    None    None    
None    None    None    
None    None    None    
None    None    None    
None    None    None    
None    None    None    

Execution Time: 4.893e-05 seconds
Memory Usage: 0.000e+00 bytes
original input:
5, 18, 23, 42, 57, 
67, 99

scheme 11 (division) - modulo: 41, bucket size: 3, quadratic
# of primary collisions: 0, secondary collisions: 0, total collisions: 0
# of comparisons: 7, records inserted: 7, load factor: 0.058333

None    42      None    
None    None    5       
None    None    None    
None    None    None    
None    None    None    
None    57      99      
18      None    None    
None    None    23      
None    None    67      
None    None    None    
None    None    None    
None    None    None    
None    None    None    
None    None    None    
None    None    None    
None    None    None    
None    None    None    
None    None    None    
None    None    None    
None    None    None    
None    None    None    
None    None    None    
None    None    None    
None    None    None    
None    None    None    
None    None    None    
None    None    None    
None    None    None    
None    None    None    
None    None    None    
None    None    None    
None    None    None    
None    None    None    
None    None    None    
None    None    None    
None    None    None    
None    None    None    
None    None    None    
None    None    None    
None    None    None    

Execution Time: 4.739e-05 seconds
Memory Usage: 0.000e+00 bytes
]]></system-out>
  </testcase>
  <testcase name="testManualDivisionLinearProbing" classname="edu.jhu.algos.HashingDriverTest" time="1.487">
    <system-out><![CDATA[original input:
5, 18, 23, 42, 57, 
67, 99

scheme -1 (division) - modulo: 113, bucket size: 1, linear
# of primary collisions: 0, secondary collisions: 0, total collisions: 0
# of comparisons: 7, records inserted: 7, load factor: 0.058333

None    None    None    None    None    
5       None    None    None    None    
None    None    None    None    None    
None    None    None    18      None    
None    None    None    23      None    
None    None    None    None    None    
None    None    None    None    None    
None    None    None    None    None    
None    None    42      None    None    
None    None    None    None    None    
None    None    None    None    None    
None    None    57      None    None    
None    None    None    None    None    
None    None    67      None    None    
None    None    None    None    None    
None    None    None    None    None    
None    None    None    None    None    
None    None    None    None    None    
None    None    None    None    None    
None    None    None    None    99      
None    None    None    None    None    
None    None    None    None    None    
None    None    None    None    None    
None    None    None    None    None    

Execution Time: 3.033e-05 seconds
Memory Usage: 0.000e+00 bytes
 Chart saved to: plots/test_scheme_output_manual_division_linear_manual_division_mod113_bucket1_linear.png
]]></system-out>
  </testcase>
  <testcase name="testManualCustomQuadraticProbing" classname="edu.jhu.algos.HashingDriverTest" time="0.212">
    <system-out><![CDATA[original input:
5, 18, 23, 42, 57, 
67, 99

scheme -1 (custom) - modulo: N/A, bucket size: 1, quadratic
# of primary collisions: 2, secondary collisions: 0, total collisions: 2
# of comparisons: 9, records inserted: 7, load factor: 0.058333

99      None    None    None    None    
None    None    None    None    None    
None    None    None    None    None    
None    None    5       None    None    
None    None    None    None    None    
None    None    None    None    None    
None    None    None    None    18      
42      None    None    None    None    
None    None    None    None    None    
None    None    None    None    None    
None    23      None    None    None    
None    None    None    None    None    
None    None    None    None    None    
None    None    None    None    None    
None    None    None    None    None    
None    None    None    None    None    
None    None    None    None    None    
57      None    None    None    None    
None    None    None    None    None    
None    None    None    None    None    
None    None    None    None    None    
None    None    None    None    None    
None    None    None    None    None    
None    None    None    None    67      

Execution Time: 3.589e-05 seconds
Memory Usage: 0.000e+00 bytes
 Chart saved to: plots/test_scheme_output_manual_custom_quadratic_manual_custom_modnone_bucket1_quadratic.png
]]></system-out>
  </testcase>
  <testcase name="testNullKeyList" classname="edu.jhu.algos.HashingDriverTest" time="0.004">
    <system-err><![CDATA[Error: Input key list is empty or null.
]]></system-err>
  </testcase>
  <testcase name="testManualChainingCustom" classname="edu.jhu.algos.HashingDriverTest" time="0.168">
    <system-out><![CDATA[original input:
5, 18, 23, 42, 57, 
67, 99

scheme -1 (custom) - modulo: N/A, bucket size: 1, chaining
# of collisions: 2
# of comparisons: 2, records inserted: 7, load factor: 0.058333

None                None                None                None                None                
None                None                None                None                None                
None                None                None                None                None                
None                None                5 -> None           None                None                
None                None                None                None                None                
None                None                None                None                None                
None                None                None                None                42 -> 18 -> None    
None                None                None                None                None                
None                None                None                None                None                
None                None                None                None                None                
None                23 -> None          None                None                None                
None                None                None                None                None                
None                None                None                None                None                
None                None                None                None                None                
None                None                None                None                None                
None                None                None                None                None                
None                None                None                None                None                
57 -> None          None                None                None                None                
None                None                None                None                None                
None                None                None                None                None                
None                None                None                None                None                
None                None                None                None                None                
None                None                None                None                None                
None                None                None                None                99 -> 67 -> None    

Execution Time: 2.806e-05 seconds
Memory Usage: 0.000e+00 bytes
 Chart saved to: plots/test_scheme_output_manual_custom_chaining_manual_custom_modnone_bucket1_chaining.png
]]></system-out>
  </testcase>
  <testcase name="testManualInvalidHashingMethod" classname="edu.jhu.algos.HashingDriverTest" time="0.003">
    <system-err><![CDATA[Error: Unsupported hashing method: invalid-method
]]></system-err>
  </testcase>
</testsuite>