<?xml version="1.0" encoding="UTF-8"?>
<testsuite xmlns:xsi="http://www.w3.org/2001/XMLSchema-instance" xsi:noNamespaceSchemaLocation="https://maven.apache.org/surefire/maven-surefire-plugin/xsd/surefire-test-report-3.0.xsd" version="3.0" name="edu.jhu.algos.hashing.CustomHashTableTest" time="0.05" tests="13" errors="0" skipped="0" failures="0">
  <properties>
    <property name="java.specification.version" value="17"/>
    <property name="sun.jnu.encoding" value="UTF-8"/>
    <property name="java.class.path" value="/home/secondbook5/JHU_Bioinformatics/AlgorithmsBioinformatics/kmerHashing/target/test-classes:/home/secondbook5/JHU_Bioinformatics/AlgorithmsBioinformatics/kmerHashing/target/classes:/home/secondbook5/.m2/repository/junit/junit/4.13.2/junit-4.13.2.jar:/home/secondbook5/.m2/repository/org/hamcrest/hamcrest-core/1.3/hamcrest-core-1.3.jar:/home/secondbook5/.m2/repository/org/junit/jupiter/junit-jupiter/5.8.2/junit-jupiter-5.8.2.jar:/home/secondbook5/.m2/repository/org/junit/jupiter/junit-jupiter-api/5.8.2/junit-jupiter-api-5.8.2.jar:/home/secondbook5/.m2/repository/org/opentest4j/opentest4j/1.2.0/opentest4j-1.2.0.jar:/home/secondbook5/.m2/repository/org/junit/platform/junit-platform-commons/1.8.2/junit-platform-commons-1.8.2.jar:/home/secondbook5/.m2/repository/org/apiguardian/apiguardian-api/1.1.2/apiguardian-api-1.1.2.jar:/home/secondbook5/.m2/repository/org/junit/jupiter/junit-jupiter-params/5.8.2/junit-jupiter-params-5.8.2.jar:/home/secondbook5/.m2/repository/org/junit/jupiter/junit-jupiter-engine/5.8.2/junit-jupiter-engine-5.8.2.jar:/home/secondbook5/.m2/repository/org/junit/platform/junit-platform-engine/1.8.2/junit-platform-engine-1.8.2.jar:/home/secondbook5/.m2/repository/org/jfree/jfreechart/1.5.3/jfreechart-1.5.3.jar:"/>
    <property name="java.vm.vendor" value="Ubuntu"/>
    <property name="sun.arch.data.model" value="64"/>
    <property name="java.vendor.url" value="https://ubuntu.com/"/>
    <property name="os.name" value="Linux"/>
    <property name="java.vm.specification.version" value="17"/>
    <property name="sun.java.launcher" value="SUN_STANDARD"/>
    <property name="sun.boot.library.path" value="/usr/lib/jvm/java-17-openjdk-amd64/lib"/>
    <property name="sun.java.command" value="/home/secondbook5/JHU_Bioinformatics/AlgorithmsBioinformatics/kmerHashing/target/surefire/surefirebooter-20250402004758582_3.jar /home/secondbook5/JHU_Bioinformatics/AlgorithmsBioinformatics/kmerHashing/target/surefire 2025-04-02T00-47-58_311-jvmRun1 surefire-20250402004758582_1tmp surefire_0-20250402004758582_2tmp"/>
    <property name="jdk.debug" value="release"/>
    <property name="surefire.test.class.path" value="/home/secondbook5/JHU_Bioinformatics/AlgorithmsBioinformatics/kmerHashing/target/test-classes:/home/secondbook5/JHU_Bioinformatics/AlgorithmsBioinformatics/kmerHashing/target/classes:/home/secondbook5/.m2/repository/junit/junit/4.13.2/junit-4.13.2.jar:/home/secondbook5/.m2/repository/org/hamcrest/hamcrest-core/1.3/hamcrest-core-1.3.jar:/home/secondbook5/.m2/repository/org/junit/jupiter/junit-jupiter/5.8.2/junit-jupiter-5.8.2.jar:/home/secondbook5/.m2/repository/org/junit/jupiter/junit-jupiter-api/5.8.2/junit-jupiter-api-5.8.2.jar:/home/secondbook5/.m2/repository/org/opentest4j/opentest4j/1.2.0/opentest4j-1.2.0.jar:/home/secondbook5/.m2/repository/org/junit/platform/junit-platform-commons/1.8.2/junit-platform-commons-1.8.2.jar:/home/secondbook5/.m2/repository/org/apiguardian/apiguardian-api/1.1.2/apiguardian-api-1.1.2.jar:/home/secondbook5/.m2/repository/org/junit/jupiter/junit-jupiter-params/5.8.2/junit-jupiter-params-5.8.2.jar:/home/secondbook5/.m2/repository/org/junit/jupiter/junit-jupiter-engine/5.8.2/junit-jupiter-engine-5.8.2.jar:/home/secondbook5/.m2/repository/org/junit/platform/junit-platform-engine/1.8.2/junit-platform-engine-1.8.2.jar:/home/secondbook5/.m2/repository/org/jfree/jfreechart/1.5.3/jfreechart-1.5.3.jar:"/>
    <property name="sun.cpu.endian" value="little"/>
    <property name="user.home" value="/home/secondbook5"/>
    <property name="user.language" value="en"/>
    <property name="java.specification.vendor" value="Oracle Corporation"/>
    <property name="java.version.date" value="2025-01-21"/>
    <property name="java.home" value="/usr/lib/jvm/java-17-openjdk-amd64"/>
    <property name="file.separator" value="/"/>
    <property name="basedir" value="/home/secondbook5/JHU_Bioinformatics/AlgorithmsBioinformatics/kmerHashing"/>
    <property name="java.vm.compressedOopsMode" value="Zero based"/>
    <property name="line.separator" value="&#10;"/>
    <property name="java.vm.specification.vendor" value="Oracle Corporation"/>
    <property name="java.specification.name" value="Java Platform API Specification"/>
    <property name="surefire.real.class.path" value="/home/secondbook5/JHU_Bioinformatics/AlgorithmsBioinformatics/kmerHashing/target/surefire/surefirebooter-20250402004758582_3.jar"/>
    <property name="sun.management.compiler" value="HotSpot 64-Bit Tiered Compilers"/>
    <property name="java.runtime.version" value="17.0.14+7-Ubuntu-122.04.1"/>
    <property name="user.name" value="secondbook5"/>
    <property name="path.separator" value=":"/>
    <property name="os.version" value="5.15.167.4-microsoft-standard-WSL2"/>
    <property name="java.runtime.name" value="OpenJDK Runtime Environment"/>
    <property name="file.encoding" value="UTF-8"/>
    <property name="java.vm.name" value="OpenJDK 64-Bit Server VM"/>
    <property name="localRepository" value="/home/secondbook5/.m2/repository"/>
    <property name="java.vendor.url.bug" value="https://bugs.launchpad.net/ubuntu/+source/openjdk-17"/>
    <property name="java.io.tmpdir" value="/tmp"/>
    <property name="java.version" value="17.0.14"/>
    <property name="user.dir" value="/home/secondbook5/JHU_Bioinformatics/AlgorithmsBioinformatics/kmerHashing"/>
    <property name="os.arch" value="amd64"/>
    <property name="java.vm.specification.name" value="Java Virtual Machine Specification"/>
    <property name="native.encoding" value="UTF-8"/>
    <property name="java.library.path" value="/usr/java/packages/lib:/usr/lib/x86_64-linux-gnu/jni:/lib/x86_64-linux-gnu:/usr/lib/x86_64-linux-gnu:/usr/lib/jni:/lib:/usr/lib"/>
    <property name="java.vm.info" value="mixed mode, sharing"/>
    <property name="java.vendor" value="Ubuntu"/>
    <property name="java.vm.version" value="17.0.14+7-Ubuntu-122.04.1"/>
    <property name="java.specification.maintenance.version" value="1"/>
    <property name="sun.io.unicode.encoding" value="UnicodeLittle"/>
    <property name="java.class.version" value="61.0"/>
  </properties>
  <testcase name="testRawTableAccess" classname="edu.jhu.algos.hashing.CustomHashTableTest" time="0.002">
    <system-out><![CDATA[[DEBUG] Initializing chaining support...
[DEBUG] Chaining pool created with 10 nodes.
]]></system-out>
  </testcase>
  <testcase name="testLinearProbingWithCollision" classname="edu.jhu.algos.hashing.CustomHashTableTest" time="0.001">
    <system-out><![CDATA[[DEBUG] Hashed key 5 → index 1 using Fibonacci hashing
[DEBUG] Inserting key 5 using strategy: linear
[DEBUG] Probing attempt 0 for key 5 → index 1
[DEBUG] Inserted key 5 at index 1 after 0 probe(s)
[DEBUG] Hashed key 13 → index 1 using Fibonacci hashing
[DEBUG] Inserting key 13 using strategy: linear
[DEBUG] Probing attempt 0 for key 13 → index 1
[DEBUG] Probing attempt 1 for key 13 → index 2
[DEBUG] Inserted key 13 at index 2 after 1 probe(s)
[DEBUG] Hashed key 5 → index 1 using Fibonacci hashing
[DEBUG] Hashed key 13 → index 1 using Fibonacci hashing
]]></system-out>
  </testcase>
  <testcase name="testQuadraticProbingWithCustomC1C2" classname="edu.jhu.algos.hashing.CustomHashTableTest" time="0.001">
    <system-out><![CDATA[[DEBUG] Hashed key 3 → index 1 using Fibonacci hashing
[DEBUG] Inserting key 3 using strategy: quadratic
[DEBUG] Probing attempt 0 for key 3 → index 1
[DEBUG] Inserted key 3 at index 1 after 0 probe(s)
[DEBUG] Hashed key 74 → index 1 using Fibonacci hashing
[DEBUG] Inserting key 74 using strategy: quadratic
[DEBUG] Probing attempt 0 for key 74 → index 1
[DEBUG] Probing attempt 1 for key 74 → index 3
[DEBUG] Inserted key 74 at index 3 after 1 probe(s)
[DEBUG] Hashed key 3 → index 1 using Fibonacci hashing
[DEBUG] Hashed key 74 → index 1 using Fibonacci hashing
]]></system-out>
  </testcase>
  <testcase name="testLoadFactor" classname="edu.jhu.algos.hashing.CustomHashTableTest" time="0.002">
    <system-out><![CDATA[[DEBUG] Hashed key 0 → index 0 using Fibonacci hashing
[DEBUG] Inserting key 0 using strategy: quadratic
[DEBUG] Probing attempt 0 for key 0 → index 0
[DEBUG] Inserted key 0 at index 0 after 0 probe(s)
[DEBUG] Hashed key 1 → index 9 using Fibonacci hashing
[DEBUG] Inserting key 1 using strategy: quadratic
[DEBUG] Probing attempt 0 for key 1 → index 9
[DEBUG] Inserted key 1 at index 9 after 0 probe(s)
[DEBUG] Hashed key 2 → index 14 using Fibonacci hashing
[DEBUG] Inserting key 2 using strategy: quadratic
[DEBUG] Probing attempt 0 for key 2 → index 14
[DEBUG] Inserted key 2 at index 14 after 0 probe(s)
[DEBUG] Hashed key 3 → index 3 using Fibonacci hashing
[DEBUG] Inserting key 3 using strategy: quadratic
[DEBUG] Probing attempt 0 for key 3 → index 3
[DEBUG] Inserted key 3 at index 3 after 0 probe(s)
[DEBUG] Hashed key 4 → index 8 using Fibonacci hashing
[DEBUG] Inserting key 4 using strategy: quadratic
[DEBUG] Probing attempt 0 for key 4 → index 8
[DEBUG] Inserted key 4 at index 8 after 0 probe(s)
]]></system-out>
  </testcase>
  <testcase name="testLinearProbingNoCollision" classname="edu.jhu.algos.hashing.CustomHashTableTest" time="0.001">
    <system-out><![CDATA[[DEBUG] Hashed key 11 → index 7 using Fibonacci hashing
[DEBUG] Inserting key 11 using strategy: linear
[DEBUG] Probing attempt 0 for key 11 → index 7
[DEBUG] Inserted key 11 at index 7 after 0 probe(s)
[DEBUG] Hashed key 200 → index 8 using Fibonacci hashing
[DEBUG] Inserting key 200 using strategy: linear
[DEBUG] Probing attempt 0 for key 200 → index 8
[DEBUG] Inserted key 200 at index 8 after 0 probe(s)
[DEBUG] Hashed key 11 → index 7 using Fibonacci hashing
[DEBUG] Hashed key 200 → index 8 using Fibonacci hashing
]]></system-out>
  </testcase>
  <testcase name="testAccessChainWithoutChainingFails" classname="edu.jhu.algos.hashing.CustomHashTableTest" time="0.002"/>
  <testcase name="testInvalidStrategyThrowsError" classname="edu.jhu.algos.hashing.CustomHashTableTest" time="0.003">
    <system-out><![CDATA[[DEBUG] Hashed key 5 → index 7 using Fibonacci hashing
[DEBUG] Inserting key 5 using strategy: rocket-science
]]></system-out>
  </testcase>
  <testcase name="testQuadraticProbing" classname="edu.jhu.algos.hashing.CustomHashTableTest" time="0.002">
    <system-out><![CDATA[[DEBUG] Hashed key 42 → index 2 using Fibonacci hashing
[DEBUG] Inserting key 42 using strategy: quadratic
[DEBUG] Probing attempt 0 for key 42 → index 2
[DEBUG] Inserted key 42 at index 2 after 0 probe(s)
[DEBUG] Hashed key 74 → index 2 using Fibonacci hashing
[DEBUG] Inserting key 74 using strategy: quadratic
[DEBUG] Probing attempt 0 for key 74 → index 2
[DEBUG] Probing attempt 1 for key 74 → index 3
[DEBUG] Inserted key 74 at index 3 after 1 probe(s)
[DEBUG] Hashed key 42 → index 2 using Fibonacci hashing
[DEBUG] Hashed key 74 → index 2 using Fibonacci hashing
]]></system-out>
  </testcase>
  <testcase name="testProbingFailsWhenFull" classname="edu.jhu.algos.hashing.CustomHashTableTest" time="0.002">
    <system-out><![CDATA[[DEBUG] Hashed key 1 → index 0 using Fibonacci hashing
[DEBUG] Inserting key 1 using strategy: linear
[DEBUG] Probing attempt 0 for key 1 → index 0
[DEBUG] Inserted key 1 at index 0 after 0 probe(s)
[DEBUG] Hashed key 2 → index 1 using Fibonacci hashing
[DEBUG] Inserting key 2 using strategy: linear
[DEBUG] Probing attempt 0 for key 2 → index 1
[DEBUG] Inserted key 2 at index 1 after 0 probe(s)
[DEBUG] Hashed key 3 → index 1 using Fibonacci hashing
[DEBUG] Inserting key 3 using strategy: linear
[DEBUG] Probing attempt 0 for key 3 → index 1
[DEBUG] Probing attempt 1 for key 3 → index 2
[DEBUG] Inserted key 3 at index 2 after 1 probe(s)
[DEBUG] Hashed key 4 → index 2 using Fibonacci hashing
[DEBUG] Inserting key 4 using strategy: linear
[DEBUG] Probing attempt 0 for key 4 → index 2
[DEBUG] Probing attempt 1 for key 4 → index 0
[DEBUG] Probing attempt 2 for key 4 → index 1
]]></system-out>
    <system-err><![CDATA[Error: Hash table is full. Could not insert key: 4
]]></system-err>
  </testcase>
  <testcase name="testChainingNodePoolExhaustion" classname="edu.jhu.algos.hashing.CustomHashTableTest" time="0.002">
    <system-out><![CDATA[[DEBUG] Initializing chaining support...
[DEBUG] Chaining pool created with 8 nodes.
[DEBUG] Hashed key 0 → index 0 using Fibonacci hashing
[DEBUG] Inserting key 0 using strategy: chaining
[DEBUG] Inserted key 0 into chain.
[DEBUG] Inserted key 0 into chain at index 0
[DEBUG] Hashed key 1 → index 1 using Fibonacci hashing
[DEBUG] Inserting key 1 using strategy: chaining
[DEBUG] Inserted key 1 into chain.
[DEBUG] Inserted key 1 into chain at index 1
[DEBUG] Hashed key 2 → index 2 using Fibonacci hashing
[DEBUG] Inserting key 2 using strategy: chaining
[DEBUG] Inserted key 2 into chain.
[DEBUG] Inserted key 2 into chain at index 2
[DEBUG] Hashed key 3 → index 3 using Fibonacci hashing
[DEBUG] Inserting key 3 using strategy: chaining
[DEBUG] Inserted key 3 into chain.
[DEBUG] Inserted key 3 into chain at index 3
[DEBUG] Hashed key 4 → index 0 using Fibonacci hashing
[DEBUG] Inserting key 4 using strategy: chaining
[DEBUG] Inserted key 4 into chain.
[DEBUG] Inserted key 4 into chain at index 0
[DEBUG] Hashed key 5 → index 1 using Fibonacci hashing
[DEBUG] Inserting key 5 using strategy: chaining
[DEBUG] Inserted key 5 into chain.
[DEBUG] Inserted key 5 into chain at index 1
[DEBUG] Hashed key 6 → index 2 using Fibonacci hashing
[DEBUG] Inserting key 6 using strategy: chaining
[DEBUG] Inserted key 6 into chain.
[DEBUG] Inserted key 6 into chain at index 2
[DEBUG] Hashed key 7 → index 3 using Fibonacci hashing
[DEBUG] Inserting key 7 using strategy: chaining
[DEBUG] Inserted key 7 into chain.
[DEBUG] Inserted key 7 into chain at index 3
[DEBUG] Hashed key 8 → index 0 using Fibonacci hashing
[DEBUG] Inserting key 8 using strategy: chaining
[DEBUG] Inserted key 8 into chain at index 0
[DEBUG] Hashed key 9 → index 1 using Fibonacci hashing
[DEBUG] Inserting key 9 using strategy: chaining
[DEBUG] Inserted key 9 into chain at index 1
[DEBUG] Hashed key 10 → index 2 using Fibonacci hashing
[DEBUG] Inserting key 10 using strategy: chaining
[DEBUG] Inserted key 10 into chain at index 2
[DEBUG] Hashed key 11 → index 3 using Fibonacci hashing
[DEBUG] Inserting key 11 using strategy: chaining
[DEBUG] Inserted key 11 into chain at index 3
[DEBUG] Hashed key 12 → index 0 using Fibonacci hashing
[DEBUG] Inserting key 12 using strategy: chaining
[DEBUG] Inserted key 12 into chain at index 0
[DEBUG] Hashed key 13 → index 1 using Fibonacci hashing
[DEBUG] Inserting key 13 using strategy: chaining
[DEBUG] Inserted key 13 into chain at index 1
[DEBUG] Hashed key 14 → index 2 using Fibonacci hashing
[DEBUG] Inserting key 14 using strategy: chaining
[DEBUG] Inserted key 14 into chain at index 2
[DEBUG] Hashed key 15 → index 3 using Fibonacci hashing
[DEBUG] Inserting key 15 using strategy: chaining
[DEBUG] Inserted key 15 into chain at index 3
[DEBUG] Hashed key 16 → index 0 using Fibonacci hashing
[DEBUG] Inserting key 16 using strategy: chaining
[DEBUG] Inserted key 16 into chain at index 0
[DEBUG] Hashed key 17 → index 1 using Fibonacci hashing
[DEBUG] Inserting key 17 using strategy: chaining
[DEBUG] Inserted key 17 into chain at index 1
[DEBUG] Hashed key 18 → index 2 using Fibonacci hashing
[DEBUG] Inserting key 18 using strategy: chaining
[DEBUG] Inserted key 18 into chain at index 2
[DEBUG] Hashed key 19 → index 3 using Fibonacci hashing
[DEBUG] Inserting key 19 using strategy: chaining
[DEBUG] Inserted key 19 into chain at index 3
]]></system-out>
    <system-err><![CDATA[Debug: No free nodes available for chaining. Key = 8
Debug: No free nodes available for chaining. Key = 9
Debug: No free nodes available for chaining. Key = 10
Debug: No free nodes available for chaining. Key = 11
Debug: No free nodes available for chaining. Key = 12
Debug: No free nodes available for chaining. Key = 13
Debug: No free nodes available for chaining. Key = 14
Debug: No free nodes available for chaining. Key = 15
Debug: No free nodes available for chaining. Key = 16
Debug: No free nodes available for chaining. Key = 17
Debug: No free nodes available for chaining. Key = 18
Debug: No free nodes available for chaining. Key = 19
]]></system-err>
  </testcase>
  <testcase name="testSearchAcrossStrategies" classname="edu.jhu.algos.hashing.CustomHashTableTest" time="0.002">
    <system-out><![CDATA[[DEBUG] Hashed key 5 → index 9 using Fibonacci hashing
[DEBUG] Inserting key 5 using strategy: linear
[DEBUG] Probing attempt 0 for key 5 → index 9
[DEBUG] Inserted key 5 at index 9 after 0 probe(s)
[DEBUG] Hashed key 21 → index 9 using Fibonacci hashing
[DEBUG] Inserting key 21 using strategy: linear
[DEBUG] Probing attempt 0 for key 21 → index 9
[DEBUG] Probing attempt 1 for key 21 → index 10
[DEBUG] Inserted key 21 at index 10 after 1 probe(s)
[DEBUG] Hashed key 5 → index 9 using Fibonacci hashing
[DEBUG] Hashed key 21 → index 9 using Fibonacci hashing
[DEBUG] Hashed key 99 → index 15 using Fibonacci hashing
[DEBUG] Hashed key 7 → index 3 using Fibonacci hashing
[DEBUG] Inserting key 7 using strategy: quadratic
[DEBUG] Probing attempt 0 for key 7 → index 3
[DEBUG] Inserted key 7 at index 3 after 0 probe(s)
[DEBUG] Hashed key 23 → index 3 using Fibonacci hashing
[DEBUG] Inserting key 23 using strategy: quadratic
[DEBUG] Probing attempt 0 for key 23 → index 3
[DEBUG] Probing attempt 1 for key 23 → index 4
[DEBUG] Inserted key 23 at index 4 after 1 probe(s)
[DEBUG] Hashed key 7 → index 3 using Fibonacci hashing
[DEBUG] Hashed key 23 → index 3 using Fibonacci hashing
[DEBUG] Hashed key 42 → index 2 using Fibonacci hashing
[DEBUG] Initializing chaining support...
[DEBUG] Chaining pool created with 16 nodes.
[DEBUG] Hashed key 3 → index 7 using Fibonacci hashing
[DEBUG] Inserting key 3 using strategy: chaining
[DEBUG] Inserted key 3 into chain.
[DEBUG] Inserted key 3 into chain at index 7
[DEBUG] Hashed key 11 → index 7 using Fibonacci hashing
[DEBUG] Inserting key 11 using strategy: chaining
[DEBUG] Inserted key 11 into chain.
[DEBUG] Inserted key 11 into chain at index 7
[DEBUG] Hashed key 3 → index 7 using Fibonacci hashing
[DEBUG] Hashed key 11 → index 7 using Fibonacci hashing
[DEBUG] Hashed key 99 → index 7 using Fibonacci hashing
]]></system-out>
  </testcase>
  <testcase name="testLookupFunctionality" classname="edu.jhu.algos.hashing.CustomHashTableTest" time="0.005">
    <system-out><![CDATA[[DEBUG] Hashed key 1 → index 9 using Fibonacci hashing
[DEBUG] Inserting key 1 using strategy: linear
[DEBUG] Probing attempt 0 for key 1 → index 9
[DEBUG] Inserted key 1 at index 9 after 0 probe(s)
[DEBUG] Hashed key 11 → index 3 using Fibonacci hashing
[DEBUG] Inserting key 11 using strategy: linear
[DEBUG] Probing attempt 0 for key 11 → index 3
[DEBUG] Inserted key 11 at index 3 after 0 probe(s)
[DEBUG] Hashed key 1 → index 9 using Fibonacci hashing
[DEBUG] Hashed key 11 → index 3 using Fibonacci hashing
[DEBUG] Hashed key 99 → index 9 using Fibonacci hashing
[DEBUG] Hashed key 2 → index 4 using Fibonacci hashing
[DEBUG] Inserting key 2 using strategy: quadratic
[DEBUG] Probing attempt 0 for key 2 → index 4
[DEBUG] Inserted key 2 at index 4 after 0 probe(s)
[DEBUG] Hashed key 12 → index 8 using Fibonacci hashing
[DEBUG] Inserting key 12 using strategy: quadratic
[DEBUG] Probing attempt 0 for key 12 → index 8
[DEBUG] Inserted key 12 at index 8 after 0 probe(s)
[DEBUG] Hashed key 2 → index 4 using Fibonacci hashing
[DEBUG] Hashed key 12 → index 8 using Fibonacci hashing
[DEBUG] Hashed key 200 → index 6 using Fibonacci hashing
[DEBUG] Initializing chaining support...
[DEBUG] Chaining pool created with 20 nodes.
[DEBUG] Hashed key 3 → index 3 using Fibonacci hashing
[DEBUG] Inserting key 3 using strategy: chaining
[DEBUG] Inserted key 3 into chain.
[DEBUG] Inserted key 3 into chain at index 3
[DEBUG] Hashed key 13 → index 7 using Fibonacci hashing
[DEBUG] Inserting key 13 using strategy: chaining
[DEBUG] Inserted key 13 into chain.
[DEBUG] Inserted key 13 into chain at index 7
[DEBUG] Hashed key 3 → index 3 using Fibonacci hashing
[DEBUG] Hashed key 13 → index 7 using Fibonacci hashing
[DEBUG] Hashed key 300 → index 0 using Fibonacci hashing
]]></system-out>
  </testcase>
  <testcase name="testChainingInsertions" classname="edu.jhu.algos.hashing.CustomHashTableTest" time="0.001">
    <system-out><![CDATA[[DEBUG] Initializing chaining support...
[DEBUG] Chaining pool created with 16 nodes.
[DEBUG] Hashed key 77 → index 1 using Fibonacci hashing
[DEBUG] Inserting key 77 using strategy: chaining
[DEBUG] Inserted key 77 into chain.
[DEBUG] Inserted key 77 into chain at index 1
[DEBUG] Hashed key 85 → index 1 using Fibonacci hashing
[DEBUG] Inserting key 85 using strategy: chaining
[DEBUG] Inserted key 85 into chain.
[DEBUG] Inserted key 85 into chain at index 1
]]></system-out>
  </testcase>
</testsuite>